{"/Users/danielsogl/Documents/Ionic/ionic-super-starter/src/app/app.component.ts": {"path":"/Users/danielsogl/Documents/Ionic/ionic-super-starter/src/app/app.component.ts","statementMap":{"0":{"start":{"line":9,"column":18},"end":{"line":9,"column":0}},"1":{"start":{"line":16,"column":21},"end":{"line":16,"column":39}},"2":{"start":{"line":16,"column":48},"end":{"line":16,"column":68}},"3":{"start":{"line":16,"column":77},"end":{"line":16,"column":103}},"4":{"start":{"line":12,"column":2},"end":{"line":12,"column":29}},"5":{"start":{"line":17,"column":4},"end":{"line":17,"column":25}},"6":{"start":{"line":20,"column":4},"end":{"line":23,"column":6}},"7":{"start":{"line":27,"column":2},"end":{"line":34,"column":3}},"8":{"start":{"line":27,"column":2},"end":{"line":34,"column":2}},"9":{"start":{"line":28,"column":4},"end":{"line":33,"column":7}},"10":{"start":{"line":31,"column":6},"end":{"line":31,"column":36}},"11":{"start":{"line":32,"column":6},"end":{"line":32,"column":31}},"12":{"start":{"line":36,"column":2},"end":{"line":40,"column":3}},"13":{"start":{"line":39,"column":4},"end":{"line":39,"column":37}},"14":{"start":{"line":41,"column":0},"end":{"line":41,"column":1}},"15":{"start":{"line":10,"column":18},"end":{"line":10,"column":27}},"16":{"start":{"line":9,"column":13},"end":{"line":41,"column":1}}},"fnMap":{"0":{"name":"(anonymous_2)","decl":{"start":{"line":9,"column":18},"end":{"line":null,"column":-1}},"loc":{"start":{"line":9,"column":18},"end":{"line":9,"column":0}}},"1":{"name":"MyApp","decl":{"start":{"line":16,"column":2},"end":{"line":16,"column":20}},"loc":{"start":{"line":16,"column":103},"end":{"line":25,"column":3}}},"2":{"name":"(anonymous_4)","decl":{"start":{"line":27,"column":2},"end":{"line":null,"column":-1}},"loc":{"start":{"line":27,"column":2},"end":{"line":34,"column":3}}},"3":{"name":"(anonymous_5)","decl":{"start":{"line":28,"column":31},"end":{"line":null,"column":-1}},"loc":{"start":{"line":28,"column":31},"end":{"line":33,"column":5}}},"4":{"name":"(anonymous_6)","decl":{"start":{"line":36,"column":2},"end":{"line":36,"column":10}},"loc":{"start":{"line":36,"column":15},"end":{"line":40,"column":3}}}},"branchMap":{"0":{"loc":{"start":{"line":10,"column":26},"end":{"line":null,"column":-1}},"type":"binary-expr","locations":[{"start":{"line":10,"column":26},"end":{"line":null,"column":-1}},{"start":{"line":10,"column":26},"end":{"line":null,"column":-1}}]},"1":{"loc":{"start":{"line":10,"column":23},"end":{"line":10,"column":26}},"type":"binary-expr","locations":[{"start":{"line":10,"column":23},"end":{"line":10,"column":26}}]},"2":{"loc":{"start":{"line":16,"column":39},"end":{"line":16,"column":58}},"type":"binary-expr","locations":[{"start":{"line":16,"column":39},"end":{"line":16,"column":58}},{"start":{"line":16,"column":39},"end":{"line":16,"column":58}}]},"3":{"loc":{"start":{"line":16,"column":31},"end":{"line":16,"column":39}},"type":"binary-expr","locations":[{"start":{"line":16,"column":31},"end":{"line":16,"column":39}}]},"4":{"loc":{"start":{"line":16,"column":39},"end":{"line":16,"column":68}},"type":"binary-expr","locations":[{"start":{"line":16,"column":39},"end":{"line":16,"column":68}},{"start":{"line":16,"column":68},"end":{"line":16,"column":90}},{"start":{"line":16,"column":68},"end":{"line":16,"column":90}}]},"5":{"loc":{"start":{"line":16,"column":39},"end":{"line":16,"column":68}},"type":"binary-expr","locations":[{"start":{"line":16,"column":39},"end":{"line":16,"column":68}},{"start":{"line":16,"column":59},"end":{"line":16,"column":68}}]},"6":{"loc":{"start":{"line":16,"column":68},"end":{"line":16,"column":103}},"type":"binary-expr","locations":[{"start":{"line":16,"column":68},"end":{"line":16,"column":103}},{"start":{"line":16,"column":103},"end":{"line":null,"column":-1}},{"start":{"line":16,"column":103},"end":{"line":null,"column":-1}}]},"7":{"loc":{"start":{"line":16,"column":68},"end":{"line":16,"column":103}},"type":"binary-expr","locations":[{"start":{"line":16,"column":68},"end":{"line":16,"column":103}},{"start":{"line":16,"column":91},"end":{"line":16,"column":103}}]}},"s":{"0":1,"1":2,"2":2,"3":2,"4":2,"5":2,"6":2,"7":1,"8":2,"9":2,"10":2,"11":2,"12":1,"13":0,"14":1,"15":1,"16":1},"f":{"0":1,"1":2,"2":2,"3":2,"4":0},"b":{"0":[1,0],"1":[1],"2":[1,0],"3":[1],"4":[1,1,0],"5":[1,1],"6":[1,1,0],"7":[1,1]}}
,"/Users/danielsogl/Documents/Ionic/ionic-super-starter/src/pages/home/home.ts": {"path":"/Users/danielsogl/Documents/Ionic/ionic-super-starter/src/pages/home/home.ts","statementMap":{"0":{"start":{"line":1,"column":13},"end":{"line":1,"column":42}},"1":{"start":{"line":1,"column":42},"end":{"line":1,"column":55}},"2":{"start":{"line":1,"column":55},"end":{"line":1,"column":117}},"3":{"start":{"line":1,"column":117},"end":{"line":1,"column":146}},"4":{"start":{"line":10,"column":17},"end":{"line":10,"column":67}},"5":{"start":{"line":11,"column":12},"end":{"line":11,"column":36}},"6":{"start":{"line":12,"column":20},"end":{"line":12,"column":44}},"7":{"start":{"line":12,"column":62},"end":{"line":12,"column":600}},"8":{"start":{"line":12,"column":149},"end":{"line":12,"column":165}},"9":{"start":{"line":12,"column":170},"end":{"line":12,"column":261}},"10":{"start":{"line":12,"column":264},"end":{"line":12,"column":537}},"11":{"start":{"line":12,"column":339},"end":{"line":12,"column":391}},"12":{"start":{"line":12,"column":396},"end":{"line":12,"column":537}},"13":{"start":{"line":12,"column":445},"end":{"line":12,"column":537}},"14":{"start":{"line":12,"column":468},"end":{"line":12,"column":537}},"15":{"start":{"line":12,"column":537},"end":{"line":12,"column":599}},"16":{"start":{"line":12,"column":618},"end":{"line":12,"column":778}},"17":{"start":{"line":12,"column":672},"end":{"line":12,"column":777}},"18":{"start":{"line":12,"column":747},"end":{"line":12,"column":777}},"19":{"start":{"line":13,"column":15},"end":{"line":18,"column":3}},"20":{"start":{"line":15,"column":8},"end":{"line":15,"column":31}},"21":{"start":{"line":17,"column":4},"end":{"line":17,"column":20}},"22":{"start":{"line":19,"column":0},"end":{"line":27,"column":320}},"23":{"start":{"line":27,"column":320},"end":{"line":27,"column":348}}},"fnMap":{"0":{"name":"(anonymous_0)","decl":{"start":{"line":12,"column":99},"end":{"line":12,"column":100}},"loc":{"start":{"line":12,"column":140},"end":{"line":12,"column":600}},"line":12},"1":{"name":"(anonymous_1)","decl":{"start":{"line":12,"column":655},"end":{"line":12,"column":656}},"loc":{"start":{"line":12,"column":671},"end":{"line":12,"column":778}},"line":12},"2":{"name":"(anonymous_2)","decl":{"start":{"line":13,"column":15},"end":{"line":13,"column":16}},"loc":{"start":{"line":13,"column":27},"end":{"line":18,"column":1}},"line":13},"3":{"name":"HomePage","decl":{"start":{"line":14,"column":13},"end":{"line":14,"column":21}},"loc":{"start":{"line":14,"column":31},"end":{"line":16,"column":5}},"line":14}},"branchMap":{"0":{"loc":{"start":{"line":12,"column":62},"end":{"line":12,"column":600}},"type":"binary-expr","locations":[{"start":{"line":12,"column":62},"end":{"line":12,"column":71}},{"start":{"line":12,"column":75},"end":{"line":12,"column":95}},{"start":{"line":12,"column":99},"end":{"line":12,"column":600}}],"line":12},"1":{"loc":{"start":{"line":12,"column":170},"end":{"line":12,"column":261}},"type":"cond-expr","locations":[{"start":{"line":12,"column":178},"end":{"line":12,"column":184}},{"start":{"line":12,"column":187},"end":{"line":12,"column":261}}],"line":12},"2":{"loc":{"start":{"line":12,"column":187},"end":{"line":12,"column":261}},"type":"cond-expr","locations":[{"start":{"line":12,"column":203},"end":{"line":12,"column":254}},{"start":{"line":12,"column":257},"end":{"line":12,"column":261}}],"line":12},"3":{"loc":{"start":{"line":12,"column":264},"end":{"line":12,"column":537}},"type":"if","locations":[{"start":{"line":12,"column":264},"end":{"line":12,"column":537}},{"start":{"line":12,"column":264},"end":{"line":12,"column":537}}],"line":12},"4":{"loc":{"start":{"line":12,"column":268},"end":{"line":12,"column":337}},"type":"binary-expr","locations":[{"start":{"line":12,"column":268},"end":{"line":12,"column":295}},{"start":{"line":12,"column":299},"end":{"line":12,"column":337}}],"line":12},"5":{"loc":{"start":{"line":12,"column":445},"end":{"line":12,"column":537}},"type":"if","locations":[{"start":{"line":12,"column":445},"end":{"line":12,"column":537}},{"start":{"line":12,"column":445},"end":{"line":12,"column":537}}],"line":12},"6":{"loc":{"start":{"line":12,"column":472},"end":{"line":12,"column":536}},"type":"binary-expr","locations":[{"start":{"line":12,"column":473},"end":{"line":12,"column":530}},{"start":{"line":12,"column":535},"end":{"line":12,"column":536}}],"line":12},"7":{"loc":{"start":{"line":12,"column":473},"end":{"line":12,"column":530}},"type":"cond-expr","locations":[{"start":{"line":12,"column":481},"end":{"line":12,"column":485}},{"start":{"line":12,"column":488},"end":{"line":12,"column":530}}],"line":12},"8":{"loc":{"start":{"line":12,"column":488},"end":{"line":12,"column":530}},"type":"cond-expr","locations":[{"start":{"line":12,"column":496},"end":{"line":12,"column":513}},{"start":{"line":12,"column":516},"end":{"line":12,"column":530}}],"line":12},"9":{"loc":{"start":{"line":12,"column":544},"end":{"line":12,"column":595}},"type":"binary-expr","locations":[{"start":{"line":12,"column":544},"end":{"line":12,"column":549}},{"start":{"line":12,"column":553},"end":{"line":12,"column":554}},{"start":{"line":12,"column":558},"end":{"line":12,"column":595}}],"line":12},"10":{"loc":{"start":{"line":12,"column":618},"end":{"line":12,"column":778}},"type":"binary-expr","locations":[{"start":{"line":12,"column":618},"end":{"line":12,"column":627}},{"start":{"line":12,"column":631},"end":{"line":12,"column":651}},{"start":{"line":12,"column":655},"end":{"line":12,"column":778}}],"line":12},"11":{"loc":{"start":{"line":12,"column":672},"end":{"line":12,"column":777}},"type":"if","locations":[{"start":{"line":12,"column":672},"end":{"line":12,"column":777}},{"start":{"line":12,"column":672},"end":{"line":12,"column":777}}],"line":12},"12":{"loc":{"start":{"line":12,"column":676},"end":{"line":12,"column":745}},"type":"binary-expr","locations":[{"start":{"line":12,"column":676},"end":{"line":12,"column":703}},{"start":{"line":12,"column":707},"end":{"line":12,"column":745}}],"line":12},"13":{"loc":{"start":{"line":27,"column":179},"end":{"line":27,"column":305}},"type":"binary-expr","locations":[{"start":{"line":27,"column":179},"end":{"line":27,"column":289}},{"start":{"line":27,"column":293},"end":{"line":27,"column":295}},{"start":{"line":27,"column":299},"end":{"line":27,"column":305}}],"line":27},"14":{"loc":{"start":{"line":27,"column":192},"end":{"line":27,"column":273}},"type":"binary-expr","locations":[{"start":{"line":27,"column":192},"end":{"line":27,"column":242}},{"start":{"line":27,"column":246},"end":{"line":27,"column":273}}],"line":27}},"s":{"0":0,"1":0,"2":0,"3":0,"4":0,"5":0,"6":0,"7":0,"8":0,"9":0,"10":0,"11":0,"12":0,"13":0,"14":0,"15":0,"16":0,"17":0,"18":0,"19":0,"20":0,"21":0,"22":0,"23":0},"f":{"0":0,"1":0,"2":0,"3":0},"b":{"0":[0,0,0],"1":[0,0],"2":[0,0],"3":[0,0],"4":[0,0],"5":[0,0],"6":[0,0],"7":[0,0],"8":[0,0],"9":[0,0,0],"10":[0,0,0],"11":[0,0],"12":[0,0],"13":[0,0,0],"14":[0,0]}}
,"/Users/danielsogl/Documents/Ionic/ionic-super-starter/src/pages/list/list.ts": {"path":"/Users/danielsogl/Documents/Ionic/ionic-super-starter/src/pages/list/list.ts","statementMap":{"0":{"start":{"line":1,"column":13},"end":{"line":1,"column":42}},"1":{"start":{"line":1,"column":42},"end":{"line":1,"column":55}},"2":{"start":{"line":1,"column":55},"end":{"line":1,"column":117}},"3":{"start":{"line":1,"column":117},"end":{"line":1,"column":146}},"4":{"start":{"line":10,"column":17},"end":{"line":10,"column":63}},"5":{"start":{"line":11,"column":12},"end":{"line":11,"column":36}},"6":{"start":{"line":12,"column":20},"end":{"line":12,"column":44}},"7":{"start":{"line":12,"column":62},"end":{"line":12,"column":600}},"8":{"start":{"line":12,"column":149},"end":{"line":12,"column":165}},"9":{"start":{"line":12,"column":170},"end":{"line":12,"column":261}},"10":{"start":{"line":12,"column":264},"end":{"line":12,"column":537}},"11":{"start":{"line":12,"column":339},"end":{"line":12,"column":391}},"12":{"start":{"line":12,"column":396},"end":{"line":12,"column":537}},"13":{"start":{"line":12,"column":445},"end":{"line":12,"column":537}},"14":{"start":{"line":12,"column":468},"end":{"line":12,"column":537}},"15":{"start":{"line":12,"column":537},"end":{"line":12,"column":599}},"16":{"start":{"line":12,"column":618},"end":{"line":12,"column":778}},"17":{"start":{"line":12,"column":672},"end":{"line":12,"column":777}},"18":{"start":{"line":12,"column":747},"end":{"line":12,"column":777}},"19":{"start":{"line":13,"column":15},"end":{"line":38,"column":3}},"20":{"start":{"line":15,"column":8},"end":{"line":15,"column":31}},"21":{"start":{"line":16,"column":8},"end":{"line":16,"column":35}},"22":{"start":{"line":18,"column":8},"end":{"line":18,"column":50}},"23":{"start":{"line":20,"column":8},"end":{"line":21,"column":59}},"24":{"start":{"line":22,"column":8},"end":{"line":22,"column":24}},"25":{"start":{"line":23,"column":8},"end":{"line":29,"column":9}},"26":{"start":{"line":24,"column":12},"end":{"line":27,"column":83}},"27":{"start":{"line":31,"column":4},"end":{"line":36,"column":6}},"28":{"start":{"line":33,"column":8},"end":{"line":34,"column":26}},"29":{"start":{"line":37,"column":4},"end":{"line":37,"column":20}},"30":{"start":{"line":39,"column":0},"end":{"line":47,"column":440}},"31":{"start":{"line":47,"column":440},"end":{"line":47,"column":468}}},"fnMap":{"0":{"name":"(anonymous_0)","decl":{"start":{"line":12,"column":99},"end":{"line":12,"column":100}},"loc":{"start":{"line":12,"column":140},"end":{"line":12,"column":600}},"line":12},"1":{"name":"(anonymous_1)","decl":{"start":{"line":12,"column":655},"end":{"line":12,"column":656}},"loc":{"start":{"line":12,"column":671},"end":{"line":12,"column":778}},"line":12},"2":{"name":"(anonymous_2)","decl":{"start":{"line":13,"column":15},"end":{"line":13,"column":16}},"loc":{"start":{"line":13,"column":27},"end":{"line":38,"column":1}},"line":13},"3":{"name":"ListPage","decl":{"start":{"line":14,"column":13},"end":{"line":14,"column":21}},"loc":{"start":{"line":14,"column":42},"end":{"line":30,"column":5}},"line":14},"4":{"name":"(anonymous_4)","decl":{"start":{"line":31,"column":36},"end":{"line":31,"column":37}},"loc":{"start":{"line":31,"column":59},"end":{"line":36,"column":5}},"line":31}},"branchMap":{"0":{"loc":{"start":{"line":12,"column":62},"end":{"line":12,"column":600}},"type":"binary-expr","locations":[{"start":{"line":12,"column":62},"end":{"line":12,"column":71}},{"start":{"line":12,"column":75},"end":{"line":12,"column":95}},{"start":{"line":12,"column":99},"end":{"line":12,"column":600}}],"line":12},"1":{"loc":{"start":{"line":12,"column":170},"end":{"line":12,"column":261}},"type":"cond-expr","locations":[{"start":{"line":12,"column":178},"end":{"line":12,"column":184}},{"start":{"line":12,"column":187},"end":{"line":12,"column":261}}],"line":12},"2":{"loc":{"start":{"line":12,"column":187},"end":{"line":12,"column":261}},"type":"cond-expr","locations":[{"start":{"line":12,"column":203},"end":{"line":12,"column":254}},{"start":{"line":12,"column":257},"end":{"line":12,"column":261}}],"line":12},"3":{"loc":{"start":{"line":12,"column":264},"end":{"line":12,"column":537}},"type":"if","locations":[{"start":{"line":12,"column":264},"end":{"line":12,"column":537}},{"start":{"line":12,"column":264},"end":{"line":12,"column":537}}],"line":12},"4":{"loc":{"start":{"line":12,"column":268},"end":{"line":12,"column":337}},"type":"binary-expr","locations":[{"start":{"line":12,"column":268},"end":{"line":12,"column":295}},{"start":{"line":12,"column":299},"end":{"line":12,"column":337}}],"line":12},"5":{"loc":{"start":{"line":12,"column":445},"end":{"line":12,"column":537}},"type":"if","locations":[{"start":{"line":12,"column":445},"end":{"line":12,"column":537}},{"start":{"line":12,"column":445},"end":{"line":12,"column":537}}],"line":12},"6":{"loc":{"start":{"line":12,"column":472},"end":{"line":12,"column":536}},"type":"binary-expr","locations":[{"start":{"line":12,"column":473},"end":{"line":12,"column":530}},{"start":{"line":12,"column":535},"end":{"line":12,"column":536}}],"line":12},"7":{"loc":{"start":{"line":12,"column":473},"end":{"line":12,"column":530}},"type":"cond-expr","locations":[{"start":{"line":12,"column":481},"end":{"line":12,"column":485}},{"start":{"line":12,"column":488},"end":{"line":12,"column":530}}],"line":12},"8":{"loc":{"start":{"line":12,"column":488},"end":{"line":12,"column":530}},"type":"cond-expr","locations":[{"start":{"line":12,"column":496},"end":{"line":12,"column":513}},{"start":{"line":12,"column":516},"end":{"line":12,"column":530}}],"line":12},"9":{"loc":{"start":{"line":12,"column":544},"end":{"line":12,"column":595}},"type":"binary-expr","locations":[{"start":{"line":12,"column":544},"end":{"line":12,"column":549}},{"start":{"line":12,"column":553},"end":{"line":12,"column":554}},{"start":{"line":12,"column":558},"end":{"line":12,"column":595}}],"line":12},"10":{"loc":{"start":{"line":12,"column":618},"end":{"line":12,"column":778}},"type":"binary-expr","locations":[{"start":{"line":12,"column":618},"end":{"line":12,"column":627}},{"start":{"line":12,"column":631},"end":{"line":12,"column":651}},{"start":{"line":12,"column":655},"end":{"line":12,"column":778}}],"line":12},"11":{"loc":{"start":{"line":12,"column":672},"end":{"line":12,"column":777}},"type":"if","locations":[{"start":{"line":12,"column":672},"end":{"line":12,"column":777}},{"start":{"line":12,"column":672},"end":{"line":12,"column":777}}],"line":12},"12":{"loc":{"start":{"line":12,"column":676},"end":{"line":12,"column":745}},"type":"binary-expr","locations":[{"start":{"line":12,"column":676},"end":{"line":12,"column":703}},{"start":{"line":12,"column":707},"end":{"line":12,"column":745}}],"line":12},"13":{"loc":{"start":{"line":47,"column":179},"end":{"line":47,"column":305}},"type":"binary-expr","locations":[{"start":{"line":47,"column":179},"end":{"line":47,"column":289}},{"start":{"line":47,"column":293},"end":{"line":47,"column":295}},{"start":{"line":47,"column":299},"end":{"line":47,"column":305}}],"line":47},"14":{"loc":{"start":{"line":47,"column":192},"end":{"line":47,"column":273}},"type":"binary-expr","locations":[{"start":{"line":47,"column":192},"end":{"line":47,"column":242}},{"start":{"line":47,"column":246},"end":{"line":47,"column":273}}],"line":47},"15":{"loc":{"start":{"line":47,"column":307},"end":{"line":47,"column":425}},"type":"binary-expr","locations":[{"start":{"line":47,"column":307},"end":{"line":47,"column":409}},{"start":{"line":47,"column":413},"end":{"line":47,"column":415}},{"start":{"line":47,"column":419},"end":{"line":47,"column":425}}],"line":47},"16":{"loc":{"start":{"line":47,"column":320},"end":{"line":47,"column":393}},"type":"binary-expr","locations":[{"start":{"line":47,"column":320},"end":{"line":47,"column":366}},{"start":{"line":47,"column":370},"end":{"line":47,"column":393}}],"line":47}},"s":{"0":0,"1":0,"2":0,"3":0,"4":0,"5":0,"6":0,"7":0,"8":0,"9":0,"10":0,"11":0,"12":0,"13":0,"14":0,"15":0,"16":0,"17":0,"18":0,"19":0,"20":0,"21":0,"22":0,"23":0,"24":0,"25":0,"26":0,"27":0,"28":0,"29":0,"30":0,"31":0},"f":{"0":0,"1":0,"2":0,"3":0,"4":0},"b":{"0":[0,0,0],"1":[0,0],"2":[0,0],"3":[0,0],"4":[0,0],"5":[0,0],"6":[0,0],"7":[0,0],"8":[0,0],"9":[0,0,0],"10":[0,0,0],"11":[0,0],"12":[0,0],"13":[0,0,0],"14":[0,0],"15":[0,0,0],"16":[0,0]}}
}
