TN:
SF:/Users/danielsogl/Documents/Ionic/ionic-super-starter/src/app/app.component.ts
FN:9,(anonymous_2)
FN:16,MyApp
FN:27,(anonymous_4)
FN:28,(anonymous_5)
FN:36,(anonymous_6)
FNF:5
FNH:4
FNDA:1,(anonymous_2)
FNDA:2,MyApp
FNDA:2,(anonymous_4)
FNDA:2,(anonymous_5)
FNDA:0,(anonymous_6)
DA:9,1
DA:10,1
DA:12,2
DA:16,2
DA:17,2
DA:20,2
DA:27,2
DA:28,2
DA:31,2
DA:32,2
DA:36,1
DA:39,0
DA:41,1
LF:13
LH:12
BRDA:10,0,0,1
BRDA:10,0,1,0
BRDA:10,1,0,1
BRDA:16,2,0,1
BRDA:16,2,1,0
BRDA:16,3,0,1
BRDA:16,4,0,1
BRDA:16,4,1,1
BRDA:16,4,2,0
BRDA:16,5,0,1
BRDA:16,5,1,1
BRDA:16,6,0,1
BRDA:16,6,1,1
BRDA:16,6,2,0
BRDA:16,7,0,1
BRDA:16,7,1,1
BRF:16
BRH:12
end_of_record
TN:
SF:/Users/danielsogl/Documents/Ionic/ionic-super-starter/src/pages/home/home.ts
FN:12,(anonymous_0)
FN:12,(anonymous_1)
FN:13,(anonymous_2)
FN:14,HomePage
FNF:4
FNH:0
FNDA:0,(anonymous_0)
FNDA:0,(anonymous_1)
FNDA:0,(anonymous_2)
FNDA:0,HomePage
DA:1,0
DA:10,0
DA:11,0
DA:12,0
DA:13,0
DA:15,0
DA:17,0
DA:19,0
DA:27,0
LF:9
LH:0
BRDA:12,0,0,0
BRDA:12,0,1,0
BRDA:12,0,2,0
BRDA:12,1,0,0
BRDA:12,1,1,0
BRDA:12,2,0,0
BRDA:12,2,1,0
BRDA:12,3,0,0
BRDA:12,3,1,0
BRDA:12,4,0,0
BRDA:12,4,1,0
BRDA:12,5,0,0
BRDA:12,5,1,0
BRDA:12,6,0,0
BRDA:12,6,1,0
BRDA:12,7,0,0
BRDA:12,7,1,0
BRDA:12,8,0,0
BRDA:12,8,1,0
BRDA:12,9,0,0
BRDA:12,9,1,0
BRDA:12,9,2,0
BRDA:12,10,0,0
BRDA:12,10,1,0
BRDA:12,10,2,0
BRDA:12,11,0,0
BRDA:12,11,1,0
BRDA:12,12,0,0
BRDA:12,12,1,0
BRDA:27,13,0,0
BRDA:27,13,1,0
BRDA:27,13,2,0
BRDA:27,14,0,0
BRDA:27,14,1,0
BRF:34
BRH:0
end_of_record
TN:
SF:/Users/danielsogl/Documents/Ionic/ionic-super-starter/src/pages/list/list.ts
FN:12,(anonymous_0)
FN:12,(anonymous_1)
FN:13,(anonymous_2)
FN:14,ListPage
FN:31,(anonymous_4)
FNF:5
FNH:0
FNDA:0,(anonymous_0)
FNDA:0,(anonymous_1)
FNDA:0,(anonymous_2)
FNDA:0,ListPage
FNDA:0,(anonymous_4)
DA:1,0
DA:10,0
DA:11,0
DA:12,0
DA:13,0
DA:15,0
DA:16,0
DA:18,0
DA:20,0
DA:22,0
DA:23,0
DA:24,0
DA:31,0
DA:33,0
DA:37,0
DA:39,0
DA:47,0
LF:17
LH:0
BRDA:12,0,0,0
BRDA:12,0,1,0
BRDA:12,0,2,0
BRDA:12,1,0,0
BRDA:12,1,1,0
BRDA:12,2,0,0
BRDA:12,2,1,0
BRDA:12,3,0,0
BRDA:12,3,1,0
BRDA:12,4,0,0
BRDA:12,4,1,0
BRDA:12,5,0,0
BRDA:12,5,1,0
BRDA:12,6,0,0
BRDA:12,6,1,0
BRDA:12,7,0,0
BRDA:12,7,1,0
BRDA:12,8,0,0
BRDA:12,8,1,0
BRDA:12,9,0,0
BRDA:12,9,1,0
BRDA:12,9,2,0
BRDA:12,10,0,0
BRDA:12,10,1,0
BRDA:12,10,2,0
BRDA:12,11,0,0
BRDA:12,11,1,0
BRDA:12,12,0,0
BRDA:12,12,1,0
BRDA:47,13,0,0
BRDA:47,13,1,0
BRDA:47,13,2,0
BRDA:47,14,0,0
BRDA:47,14,1,0
BRDA:47,15,0,0
BRDA:47,15,1,0
BRDA:47,15,2,0
BRDA:47,16,0,0
BRDA:47,16,1,0
BRF:39
BRH:0
end_of_record
